#
# A fatal error has been detected by the Java Runtime Environment:
#
#  EXCEPTION_ACCESS_VIOLATION (0xc0000005) at pc=0x00007ffd8dc3faa5, pid=17740, tid=4320
#
# JRE version: OpenJDK Runtime Environment (15.0.2+7) (build 15.0.2+7-27)
# Java VM: OpenJDK 64-Bit Server VM (15.0.2+7-27, mixed mode, tiered, compressed oops, g1 gc, windows-amd64)
# Problematic frame:
# V  [jvm.dll+0x2ffaa5]
#
# No core dump will be written. Minidumps are not enabled by default on client versions of Windows
#
# If you would like to submit a bug report, please visit:
#   https://bugreport.java.com/bugreport/crash.jsp
#

---------------  S U M M A R Y ------------

Command Line: -XX:+ShowCodeDetailsInExceptionMessages -agentlib:jdwp=transport=dt_socket,suspend=y,address=localhost:64111 -javaagent:C:\workspace\application\eclipse\configuration\org.eclipse.osgi\412\0\.cp\lib\javaagent-shaded.jar -Dfile.encoding=UTF-8 com.weather.model.OpenWeather

Host: Intel(R) Core(TM) i7-6700HQ CPU @ 2.60GHz, 8 cores, 31G,  Windows 10 , 64 bit Build 19041 (10.0.19041.928)
Time: Tue May  4 12:31:57 2021 대한민국 표준시 elapsed time: 359.877555 seconds (0d 0h 5m 59s)

---------------  T H R E A D  ---------------

Current thread (0x000002177c6d6e00):  JavaThread "JDWP Transport Listener: dt_socket" daemon [_thread_in_vm, id=4320, stack(0x000000bff3500000,0x000000bff3600000)] _threads_hazard_ptr=0x000002177cec0f30

Stack: [0x000000bff3500000,0x000000bff3600000],  sp=0x000000bff35feac0,  free space=1018k
Native frames: (J=compiled Java code, j=interpreted, Vv=VM code, C=native code)
V  [jvm.dll+0x2ffaa5]
V  [jvm.dll+0x301fc2]
V  [jvm.dll+0x3026ce]
V  [jvm.dll+0x2ffd7f]
V  [jvm.dll+0x2ff02a]
V  [jvm.dll+0x619ec0]
V  [jvm.dll+0x619ba3]
V  [jvm.dll+0x5df278]
V  [jvm.dll+0x77876f]
V  [jvm.dll+0x4f02e1]
V  [jvm.dll+0x7882b5]
V  [jvm.dll+0x4d40ea]
V  [jvm.dll+0x49526b]
C  [jdwp.dll+0x796b]


siginfo: EXCEPTION_ACCESS_VIOLATION (0xc0000005), reading address 0x0000000000000006


Register to memory mapping:

RIP=0x00007ffd8dc3faa5 jvm.dll
RAX=0x0 is NULL
RBX=0x000000bff35fed60 is pointing into the stack for thread: 0x000002177c6d6e00
RCX=0x0 is NULL
RDX=0x0 is NULL
RSP=0x000000bff35feac0 is pointing into the stack for thread: 0x000002177c6d6e00
RBP=0x0000000000000001 is an unknown value
RSI=0x0000000000000001 is an unknown value
RDI=0x000002177d369c10 is pointing into metadata
R8 =0x0 is NULL
R9 =0x000002177d369c10 is pointing into metadata
R10=0x0000000000000001 is an unknown value
R11=0x0000000047000000 is an unknown value
R12=0x00007ffd8d940000 jvm.dll
R13=0x000002177cee0bb0 points into unknown readable memory: 0x00000000234ec100 | 00 c1 4e 23 00 00 00 00
R14=0x000002177d36aa69 is pointing into metadata
R15=0x00000000000000b3 is an unknown value


Registers:
RAX=0x0000000000000000, RBX=0x000000bff35fed60, RCX=0x0000000000000000, RDX=0x0000000000000000
RSP=0x000000bff35feac0, RBP=0x0000000000000001, RSI=0x0000000000000001, RDI=0x000002177d369c10
R8 =0x0000000000000000, R9 =0x000002177d369c10, R10=0x0000000000000001, R11=0x0000000047000000
R12=0x00007ffd8d940000, R13=0x000002177cee0bb0, R14=0x000002177d36aa69, R15=0x00000000000000b3
RIP=0x00007ffd8dc3faa5, EFLAGS=0x0000000000010206

Top of Stack: (sp=0x000000bff35feac0)
0x000000bff35feac0:   000000bff35feb30 00007ffd8dc43653
0x000000bff35fead0:   000000bff35feb30 00007ffd8da420be
0x000000bff35feae0:   000002177d36aad8 00007ffd8dc76676
0x000000bff35feaf0:   000002177c654380 00007ffd8db4cb6d
0x000000bff35feb00:   000090f2004b65aa 000000bff35fed60
0x000000bff35feb10:   000002177d36aa69 00000000000000b2
0x000000bff35feb20:   000000bff35fed60 00007ffd8dc41fc2
0x000000bff35feb30:   000000bff35febd0 000000bff35febd0
0x000000bff35feb40:   0000000000000001 00007ffd8dc3f9d0
0x000000bff35feb50:   00000000000000a9 000000bff35fed60
0x000000bff35feb60:   00000000460000a2 000002177c6d6e00
0x000000bff35feb70:   00000000000000b3 000002177d36aa69
0x000000bff35feb80:   000002177cee0bb0 00007ffd8d940000
0x000000bff35feb90:   00000000000000b3 00000000000000b2
0x000000bff35feba0:   000000bff35fed60 00007ffd8dc426ce
0x000000bff35febb0:   000000bff35fec00 00000000000000b2 

Instructions: (pc=0x00007ffd8dc3faa5)
0x00007ffd8dc3f9a5:   42 8b 1c 81 4e 8d 34 81 8b 75 58 41 81 e0 ff ff
0x00007ffd8dc3f9b5:   ff 00 41 81 c8 00 00 00 47 48 8b cd 45 89 06 c7
0x00007ffd8dc3f9c5:   45 58 01 00 00 00 e8 80 38 00 00 66 83 7c 24 68
0x00007ffd8dc3f9d5:   00 41 89 1e 89 75 58 74 40 8b 4c 24 70 49 ff c7
0x00007ffd8dc3f9e5:   0f b7 c1 48 83 c7 08 4c 3b f8 0f 8c 4b ff ff ff
0x00007ffd8dc3f9f5:   83 7d 5c 00 74 23 48 83 3d 8d 34 78 00 00 74 15
0x00007ffd8dc3fa05:   80 7d 42 00 74 0f 48 8d 15 86 f5 58 00 48 8b cd
0x00007ffd8dc3fa15:   e8 a6 42 00 00 c6 45 42 00 4c 8b 74 24 28 4c 8b
0x00007ffd8dc3fa25:   6c 24 30 4c 8b 64 24 38 48 8b 7c 24 40 48 8b 74
0x00007ffd8dc3fa35:   24 48 48 8b 5c 24 60 4c 8b 7c 24 20 48 83 c4 50
0x00007ffd8dc3fa45:   5d c3 cc cc cc cc cc cc cc cc cc 48 89 5c 24 10
0x00007ffd8dc3fa55:   48 89 6c 24 18 56 57 41 56 48 83 ec 50 48 8b 05
0x00007ffd8dc3fa65:   af 03 73 00 48 33 c4 48 89 44 24 40 48 8b 41 08
0x00007ffd8dc3fa75:   48 8b d9 41 8b e8 8b f2 45 33 c0 41 8b d1 48 8b
0x00007ffd8dc3fa85:   48 08 48 8b 79 08 48 8b cf e8 6d ee f0 ff 8b d0
0x00007ffd8dc3fa95:   48 8b cf e8 23 19 f1 ff 48 63 c8 48 8b 44 cf 48
0x00007ffd8dc3faa5:   0f be 48 06 e8 22 7c 3a 00 8b 0d d0 32 78 00 48
0x00007ffd8dc3fab5:   8d 3d cd 32 78 00 8d 50 f4 83 fa 01 76 27 8d 50
0x00007ffd8dc3fac5:   f9 f7 c2 fb ff ff ff 74 13 83 f8 0e 48 8d 15 c0
0x00007ffd8dc3fad5:   32 78 00 4c 8b d7 4c 0f 45 d2 eb 27 4c 8d 15 e0
0x00007ffd8dc3fae5:   32 78 00 eb 1e 8b 84 24 90 00 00 00 4c 8d 54 24
0x00007ffd8dc3faf5:   30 25 ff ff ff 00 89 4c 24 34 0d 00 00 00 46 89
0x00007ffd8dc3fb05:   44 24 30 45 33 c0 85 f6 74 05 49 8b fa eb 29 41
0x00007ffd8dc3fb15:   8b 02 85 c0 74 22 49 8b d0 4d 8b c8 42 89 44 0c
0x00007ffd8dc3fb25:   20 48 8d 52 01 4c 8d 0c 95 00 00 00 00 41 ff c0
0x00007ffd8dc3fb35:   43 8b 04 11 85 c0 75 e4 85 ed 75 10 8b 05 8d ce
0x00007ffd8dc3fb45:   6f 00 49 63 d0 41 ff c0 89 44 94 20 49 63 c0 4c
0x00007ffd8dc3fb55:   8d 74 24 20 89 4c 84 20 8b 74 24 20 85 f6 74 4c
0x00007ffd8dc3fb65:   48 63 53 58 85 d2 7f 18 48 8d 15 ac 0a 55 00 48
0x00007ffd8dc3fb75:   8b cb e8 14 48 00 00 44 8b 05 0d 32 78 00 eb 16
0x00007ffd8dc3fb85:   48 63 4b 20 8d 42 ff 89 43 58 48 03 ca 48 8b 43
0x00007ffd8dc3fb95:   48 44 8b 44 88 fc 8b d6 48 8b cb e8 5b f0 ff ff 


Stack slot to memory mapping:
stack at sp + 0 slots: 0x000000bff35feb30 is pointing into the stack for thread: 0x000002177c6d6e00
stack at sp + 1 slots: 0x00007ffd8dc43653 jvm.dll
stack at sp + 2 slots: 0x000000bff35feb30 is pointing into the stack for thread: 0x000002177c6d6e00
stack at sp + 3 slots: 0x00007ffd8da420be jvm.dll
stack at sp + 4 slots: {method} {0x000002177d36aae0} 'getWeatherData' '()V' in 'com/weather/model/OpenWeather'
stack at sp + 5 slots: 0x00007ffd8dc76676 jvm.dll
stack at sp + 6 slots: 0x000002177c654380 points into unknown readable memory: 0x0000000000000000 | 00 00 00 00 00 00 00 00
stack at sp + 7 slots: 0x00007ffd8db4cb6d jvm.dll


---------------  P R O C E S S  ---------------

Threads class SMR info:
_java_thread_list=0x000002177cec0f30, length=14, elements={
0x00000217594f45d0, 0x000002177bb16020, 0x000002177bb188f0, 0x000002177c3bfc90,
0x000002177c3f43d0, 0x000002177c40ed00, 0x000002177c410900, 0x000002177c41c710,
0x000002177c4257e0, 0x000002177c48e5d0, 0x000002177c6d6e00, 0x000002177c6d7ca0,
0x000002177cb14ca0, 0x000002177cf9dda0
}

Java Threads: ( => current thread )
  0x00000217594f45d0 JavaThread "main" [_thread_blocked, id=17108, stack(0x000000bff2400000,0x000000bff2500000)]
  0x000002177bb16020 JavaThread "Reference Handler" daemon [_thread_blocked, id=10820, stack(0x000000bff2b00000,0x000000bff2c00000)]
  0x000002177bb188f0 JavaThread "Finalizer" daemon [_thread_blocked, id=12072, stack(0x000000bff2c00000,0x000000bff2d00000)]
  0x000002177c3bfc90 JavaThread "Signal Dispatcher" daemon [_thread_blocked, id=11700, stack(0x000000bff2d00000,0x000000bff2e00000)]
  0x000002177c3f43d0 JavaThread "Attach Listener" daemon [_thread_blocked, id=12392, stack(0x000000bff2e00000,0x000000bff2f00000)]
  0x000002177c40ed00 JavaThread "Service Thread" daemon [_thread_blocked, id=4632, stack(0x000000bff2f00000,0x000000bff3000000)]
  0x000002177c410900 JavaThread "C2 CompilerThread0" daemon [_thread_blocked, id=17980, stack(0x000000bff3000000,0x000000bff3100000)]
  0x000002177c41c710 JavaThread "C1 CompilerThread0" daemon [_thread_blocked, id=15276, stack(0x000000bff3100000,0x000000bff3200000)]
  0x000002177c4257e0 JavaThread "Sweeper thread" daemon [_thread_blocked, id=8044, stack(0x000000bff3200000,0x000000bff3300000)]
  0x000002177c48e5d0 JavaThread "Common-Cleaner" daemon [_thread_blocked, id=2512, stack(0x000000bff3300000,0x000000bff3400000)]
=>0x000002177c6d6e00 JavaThread "JDWP Transport Listener: dt_socket" daemon [_thread_in_vm, id=4320, stack(0x000000bff3500000,0x000000bff3600000)]
  0x000002177c6d7ca0 JavaThread "JDWP Event Helper Thread" daemon [_thread_blocked, id=16972, stack(0x000000bff3600000,0x000000bff3700000)]
  0x000002177cb14ca0 JavaThread "JDWP Command Reader" daemon [_thread_in_native, id=10284, stack(0x000000bff3700000,0x000000bff3800000)]
  0x000002177cf9dda0 JavaThread "Notification Thread" daemon [_thread_blocked, id=16668, stack(0x000000bff3900000,0x000000bff3a00000)]

Other Threads:
  0x000002177c3ad2f0 VMThread "VM Thread" [stack: 0x000000bff2a00000,0x000000bff2b00000] [id=17616]
  0x000002177ce063e0 WatcherThread [stack: 0x000000bff3a00000,0x000000bff3b00000] [id=2156]
  0x000002175956bcb0 GCTaskThread "GC Thread#0" [stack: 0x000000bff2500000,0x000000bff2600000] [id=7420]
  0x000002175957d330 ConcurrentGCThread "G1 Main Marker" [stack: 0x000000bff2600000,0x000000bff2700000] [id=7328]
  0x000002175957ed40 ConcurrentGCThread "G1 Conc#0" [stack: 0x000000bff2700000,0x000000bff2800000] [id=17928]
  0x00000217595be9f0 ConcurrentGCThread "G1 Refine#0" [stack: 0x000000bff2800000,0x000000bff2900000] [id=17648]
  0x000002177b9b9510 ConcurrentGCThread "G1 Young RemSet Sampling" [stack: 0x000000bff2900000,0x000000bff2a00000] [id=7544]

Threads with active compile tasks:

VM state: not at safepoint (normal execution)

VM Mutex/Monitor currently owned by a thread: None

Heap address: 0x0000000604000000, size: 8128 MB, Compressed Oops mode: Zero based, Oop shift amount: 3
CDS disabled.
Compressed class space mapped at: 0x0000000800000000-0x0000000840000000, size: 1073741824
Narrow klass base: 0x0000000800000000, Narrow klass shift: 0, Narrow klass range: 0x40000000

GC Precious Log:
 CPUs: 8 total, 8 available
 Memory: 32507M
 Large Page Support: Disabled
 NUMA Support: Disabled
 Compressed Oops: Enabled (Zero based)
 Heap Region Size: 4M
 Heap Min Capacity: 8M
 Heap Initial Capacity: 508M
 Heap Max Capacity: 8128M
 Pre-touch: Disabled
 Parallel Workers: 8
 Concurrent Workers: 2
 Concurrent Refinement Workers: 8
 Periodic GC: Disabled

Heap:
 garbage-first heap   total 520192K, used 8192K [0x0000000604000000, 0x0000000800000000)
  region size 4096K, 3 young (12288K), 0 survivors (0K)
 Metaspace       used 10209K, capacity 10332K, committed 10368K, reserved 1058816K
  class space    used 864K, capacity 887K, committed 896K, reserved 1048576K

Heap Regions: E=young(eden), S=young(survivor), O=old, HS=humongous(starts), HC=humongous(continues), CS=collection set, F=free, OA=open archive, CA=closed archive, TAMS=top-at-mark-start (previous, next)
|   0|0x0000000604000000, 0x0000000604000000, 0x0000000604400000|  0%| F|  |TAMS 0x0000000604000000, 0x0000000604000000| Untracked 
|   1|0x0000000604400000, 0x0000000604400000, 0x0000000604800000|  0%| F|  |TAMS 0x0000000604400000, 0x0000000604400000| Untracked 
|   2|0x0000000604800000, 0x0000000604800000, 0x0000000604c00000|  0%| F|  |TAMS 0x0000000604800000, 0x0000000604800000| Untracked 
|   3|0x0000000604c00000, 0x0000000604c00000, 0x0000000605000000|  0%| F|  |TAMS 0x0000000604c00000, 0x0000000604c00000| Untracked 
|   4|0x0000000605000000, 0x0000000605000000, 0x0000000605400000|  0%| F|  |TAMS 0x0000000605000000, 0x0000000605000000| Untracked 
|   5|0x0000000605400000, 0x0000000605400000, 0x0000000605800000|  0%| F|  |TAMS 0x0000000605400000, 0x0000000605400000| Untracked 
|   6|0x0000000605800000, 0x0000000605800000, 0x0000000605c00000|  0%| F|  |TAMS 0x0000000605800000, 0x0000000605800000| Untracked 
|   7|0x0000000605c00000, 0x0000000605c00000, 0x0000000606000000|  0%| F|  |TAMS 0x0000000605c00000, 0x0000000605c00000| Untracked 
|   8|0x0000000606000000, 0x0000000606000000, 0x0000000606400000|  0%| F|  |TAMS 0x0000000606000000, 0x0000000606000000| Untracked 
|   9|0x0000000606400000, 0x0000000606400000, 0x0000000606800000|  0%| F|  |TAMS 0x0000000606400000, 0x0000000606400000| Untracked 
|  10|0x0000000606800000, 0x0000000606800000, 0x0000000606c00000|  0%| F|  |TAMS 0x0000000606800000, 0x0000000606800000| Untracked 
|  11|0x0000000606c00000, 0x0000000606c00000, 0x0000000607000000|  0%| F|  |TAMS 0x0000000606c00000, 0x0000000606c00000| Untracked 
|  12|0x0000000607000000, 0x0000000607000000, 0x0000000607400000|  0%| F|  |TAMS 0x0000000607000000, 0x0000000607000000| Untracked 
|  13|0x0000000607400000, 0x0000000607400000, 0x0000000607800000|  0%| F|  |TAMS 0x0000000607400000, 0x0000000607400000| Untracked 
|  14|0x0000000607800000, 0x0000000607800000, 0x0000000607c00000|  0%| F|  |TAMS 0x0000000607800000, 0x0000000607800000| Untracked 
|  15|0x0000000607c00000, 0x0000000607c00000, 0x0000000608000000|  0%| F|  |TAMS 0x0000000607c00000, 0x0000000607c00000| Untracked 
|  16|0x0000000608000000, 0x0000000608000000, 0x0000000608400000|  0%| F|  |TAMS 0x0000000608000000, 0x0000000608000000| Untracked 
|  17|0x0000000608400000, 0x0000000608400000, 0x0000000608800000|  0%| F|  |TAMS 0x0000000608400000, 0x0000000608400000| Untracked 
|  18|0x0000000608800000, 0x0000000608800000, 0x0000000608c00000|  0%| F|  |TAMS 0x0000000608800000, 0x0000000608800000| Untracked 
|  19|0x0000000608c00000, 0x0000000608c00000, 0x0000000609000000|  0%| F|  |TAMS 0x0000000608c00000, 0x0000000608c00000| Untracked 
|  20|0x0000000609000000, 0x0000000609000000, 0x0000000609400000|  0%| F|  |TAMS 0x0000000609000000, 0x0000000609000000| Untracked 
|  21|0x0000000609400000, 0x0000000609400000, 0x0000000609800000|  0%| F|  |TAMS 0x0000000609400000, 0x0000000609400000| Untracked 
|  22|0x0000000609800000, 0x0000000609800000, 0x0000000609c00000|  0%| F|  |TAMS 0x0000000609800000, 0x0000000609800000| Untracked 
|  23|0x0000000609c00000, 0x0000000609c00000, 0x000000060a000000|  0%| F|  |TAMS 0x0000000609c00000, 0x0000000609c00000| Untracked 
|  24|0x000000060a000000, 0x000000060a000000, 0x000000060a400000|  0%| F|  |TAMS 0x000000060a000000, 0x000000060a000000| Untracked 
|  25|0x000000060a400000, 0x000000060a400000, 0x000000060a800000|  0%| F|  |TAMS 0x000000060a400000, 0x000000060a400000| Untracked 
|  26|0x000000060a800000, 0x000000060a800000, 0x000000060ac00000|  0%| F|  |TAMS 0x000000060a800000, 0x000000060a800000| Untracked 
|  27|0x000000060ac00000, 0x000000060ac00000, 0x000000060b000000|  0%| F|  |TAMS 0x000000060ac00000, 0x000000060ac00000| Untracked 
|  28|0x000000060b000000, 0x000000060b000000, 0x000000060b400000|  0%| F|  |TAMS 0x000000060b000000, 0x000000060b000000| Untracked 
|  29|0x000000060b400000, 0x000000060b400000, 0x000000060b800000|  0%| F|  |TAMS 0x000000060b400000, 0x000000060b400000| Untracked 
|  30|0x000000060b800000, 0x000000060b800000, 0x000000060bc00000|  0%| F|  |TAMS 0x000000060b800000, 0x000000060b800000| Untracked 
|  31|0x000000060bc00000, 0x000000060bc00000, 0x000000060c000000|  0%| F|  |TAMS 0x000000060bc00000, 0x000000060bc00000| Untracked 
|  32|0x000000060c000000, 0x000000060c000000, 0x000000060c400000|  0%| F|  |TAMS 0x000000060c000000, 0x000000060c000000| Untracked 
|  33|0x000000060c400000, 0x000000060c400000, 0x000000060c800000|  0%| F|  |TAMS 0x000000060c400000, 0x000000060c400000| Untracked 
|  34|0x000000060c800000, 0x000000060c800000, 0x000000060cc00000|  0%| F|  |TAMS 0x000000060c800000, 0x000000060c800000| Untracked 
|  35|0x000000060cc00000, 0x000000060cc00000, 0x000000060d000000|  0%| F|  |TAMS 0x000000060cc00000, 0x000000060cc00000| Untracked 
|  36|0x000000060d000000, 0x000000060d000000, 0x000000060d400000|  0%| F|  |TAMS 0x000000060d000000, 0x000000060d000000| Untracked 
|  37|0x000000060d400000, 0x000000060d400000, 0x000000060d800000|  0%| F|  |TAMS 0x000000060d400000, 0x000000060d400000| Untracked 
|  38|0x000000060d800000, 0x000000060d800000, 0x000000060dc00000|  0%| F|  |TAMS 0x000000060d800000, 0x000000060d800000| Untracked 
|  39|0x000000060dc00000, 0x000000060dc00000, 0x000000060e000000|  0%| F|  |TAMS 0x000000060dc00000, 0x000000060dc00000| Untracked 
|  40|0x000000060e000000, 0x000000060e000000, 0x000000060e400000|  0%| F|  |TAMS 0x000000060e000000, 0x000000060e000000| Untracked 
|  41|0x000000060e400000, 0x000000060e400000, 0x000000060e800000|  0%| F|  |TAMS 0x000000060e400000, 0x000000060e400000| Untracked 
|  42|0x000000060e800000, 0x000000060e800000, 0x000000060ec00000|  0%| F|  |TAMS 0x000000060e800000, 0x000000060e800000| Untracked 
|  43|0x000000060ec00000, 0x000000060ec00000, 0x000000060f000000|  0%| F|  |TAMS 0x000000060ec00000, 0x000000060ec00000| Untracked 
|  44|0x000000060f000000, 0x000000060f000000, 0x000000060f400000|  0%| F|  |TAMS 0x000000060f000000, 0x000000060f000000| Untracked 
|  45|0x000000060f400000, 0x000000060f400000, 0x000000060f800000|  0%| F|  |TAMS 0x000000060f400000, 0x000000060f400000| Untracked 
|  46|0x000000060f800000, 0x000000060f800000, 0x000000060fc00000|  0%| F|  |TAMS 0x000000060f800000, 0x000000060f800000| Untracked 
|  47|0x000000060fc00000, 0x000000060fc00000, 0x0000000610000000|  0%| F|  |TAMS 0x000000060fc00000, 0x000000060fc00000| Untracked 
|  48|0x0000000610000000, 0x0000000610000000, 0x0000000610400000|  0%| F|  |TAMS 0x0000000610000000, 0x0000000610000000| Untracked 
|  49|0x0000000610400000, 0x0000000610400000, 0x0000000610800000|  0%| F|  |TAMS 0x0000000610400000, 0x0000000610400000| Untracked 
|  50|0x0000000610800000, 0x0000000610800000, 0x0000000610c00000|  0%| F|  |TAMS 0x0000000610800000, 0x0000000610800000| Untracked 
|  51|0x0000000610c00000, 0x0000000610c00000, 0x0000000611000000|  0%| F|  |TAMS 0x0000000610c00000, 0x0000000610c00000| Untracked 
|  52|0x0000000611000000, 0x0000000611000000, 0x0000000611400000|  0%| F|  |TAMS 0x0000000611000000, 0x0000000611000000| Untracked 
|  53|0x0000000611400000, 0x0000000611400000, 0x0000000611800000|  0%| F|  |TAMS 0x0000000611400000, 0x0000000611400000| Untracked 
|  54|0x0000000611800000, 0x0000000611800000, 0x0000000611c00000|  0%| F|  |TAMS 0x0000000611800000, 0x0000000611800000| Untracked 
|  55|0x0000000611c00000, 0x0000000611c00000, 0x0000000612000000|  0%| F|  |TAMS 0x0000000611c00000, 0x0000000611c00000| Untracked 
|  56|0x0000000612000000, 0x0000000612000000, 0x0000000612400000|  0%| F|  |TAMS 0x0000000612000000, 0x0000000612000000| Untracked 
|  57|0x0000000612400000, 0x0000000612400000, 0x0000000612800000|  0%| F|  |TAMS 0x0000000612400000, 0x0000000612400000| Untracked 
|  58|0x0000000612800000, 0x0000000612800000, 0x0000000612c00000|  0%| F|  |TAMS 0x0000000612800000, 0x0000000612800000| Untracked 
|  59|0x0000000612c00000, 0x0000000612c00000, 0x0000000613000000|  0%| F|  |TAMS 0x0000000612c00000, 0x0000000612c00000| Untracked 
|  60|0x0000000613000000, 0x0000000613000000, 0x0000000613400000|  0%| F|  |TAMS 0x0000000613000000, 0x0000000613000000| Untracked 
|  61|0x0000000613400000, 0x0000000613400000, 0x0000000613800000|  0%| F|  |TAMS 0x0000000613400000, 0x0000000613400000| Untracked 
|  62|0x0000000613800000, 0x0000000613800000, 0x0000000613c00000|  0%| F|  |TAMS 0x0000000613800000, 0x0000000613800000| Untracked 
|  63|0x0000000613c00000, 0x0000000613c00000, 0x0000000614000000|  0%| F|  |TAMS 0x0000000613c00000, 0x0000000613c00000| Untracked 
|  64|0x0000000614000000, 0x0000000614000000, 0x0000000614400000|  0%| F|  |TAMS 0x0000000614000000, 0x0000000614000000| Untracked 
|  65|0x0000000614400000, 0x0000000614400000, 0x0000000614800000|  0%| F|  |TAMS 0x0000000614400000, 0x0000000614400000| Untracked 
|  66|0x0000000614800000, 0x0000000614800000, 0x0000000614c00000|  0%| F|  |TAMS 0x0000000614800000, 0x0000000614800000| Untracked 
|  67|0x0000000614c00000, 0x0000000614c00000, 0x0000000615000000|  0%| F|  |TAMS 0x0000000614c00000, 0x0000000614c00000| Untracked 
|  68|0x0000000615000000, 0x0000000615000000, 0x0000000615400000|  0%| F|  |TAMS 0x0000000615000000, 0x0000000615000000| Untracked 
|  69|0x0000000615400000, 0x0000000615400000, 0x0000000615800000|  0%| F|  |TAMS 0x0000000615400000, 0x0000000615400000| Untracked 
|  70|0x0000000615800000, 0x0000000615800000, 0x0000000615c00000|  0%| F|  |TAMS 0x0000000615800000, 0x0000000615800000| Untracked 
|  71|0x0000000615c00000, 0x0000000615c00000, 0x0000000616000000|  0%| F|  |TAMS 0x0000000615c00000, 0x0000000615c00000| Untracked 
|  72|0x0000000616000000, 0x0000000616000000, 0x0000000616400000|  0%| F|  |TAMS 0x0000000616000000, 0x0000000616000000| Untracked 
|  73|0x0000000616400000, 0x0000000616400000, 0x0000000616800000|  0%| F|  |TAMS 0x0000000616400000, 0x0000000616400000| Untracked 
|  74|0x0000000616800000, 0x0000000616800000, 0x0000000616c00000|  0%| F|  |TAMS 0x0000000616800000, 0x0000000616800000| Untracked 
|  75|0x0000000616c00000, 0x0000000616c00000, 0x0000000617000000|  0%| F|  |TAMS 0x0000000616c00000, 0x0000000616c00000| Untracked 
|  76|0x0000000617000000, 0x0000000617000000, 0x0000000617400000|  0%| F|  |TAMS 0x0000000617000000, 0x0000000617000000| Untracked 
|  77|0x0000000617400000, 0x0000000617400000, 0x0000000617800000|  0%| F|  |TAMS 0x0000000617400000, 0x0000000617400000| Untracked 
|  78|0x0000000617800000, 0x0000000617800000, 0x0000000617c00000|  0%| F|  |TAMS 0x0000000617800000, 0x0000000617800000| Untracked 
|  79|0x0000000617c00000, 0x0000000617c00000, 0x0000000618000000|  0%| F|  |TAMS 0x0000000617c00000, 0x0000000617c00000| Untracked 
|  80|0x0000000618000000, 0x0000000618000000, 0x0000000618400000|  0%| F|  |TAMS 0x0000000618000000, 0x0000000618000000| Untracked 
|  81|0x0000000618400000, 0x0000000618400000, 0x0000000618800000|  0%| F|  |TAMS 0x0000000618400000, 0x0000000618400000| Untracked 
|  82|0x0000000618800000, 0x0000000618800000, 0x0000000618c00000|  0%| F|  |TAMS 0x0000000618800000, 0x0000000618800000| Untracked 
|  83|0x0000000618c00000, 0x0000000618c00000, 0x0000000619000000|  0%| F|  |TAMS 0x0000000618c00000, 0x0000000618c00000| Untracked 
|  84|0x0000000619000000, 0x0000000619000000, 0x0000000619400000|  0%| F|  |TAMS 0x0000000619000000, 0x0000000619000000| Untracked 
|  85|0x0000000619400000, 0x0000000619400000, 0x0000000619800000|  0%| F|  |TAMS 0x0000000619400000, 0x0000000619400000| Untracked 
|  86|0x0000000619800000, 0x0000000619800000, 0x0000000619c00000|  0%| F|  |TAMS 0x0000000619800000, 0x0000000619800000| Untracked 
|  87|0x0000000619c00000, 0x0000000619c00000, 0x000000061a000000|  0%| F|  |TAMS 0x0000000619c00000, 0x0000000619c00000| Untracked 
|  88|0x000000061a000000, 0x000000061a000000, 0x000000061a400000|  0%| F|  |TAMS 0x000000061a000000, 0x000000061a000000| Untracked 
|  89|0x000000061a400000, 0x000000061a400000, 0x000000061a800000|  0%| F|  |TAMS 0x000000061a400000, 0x000000061a400000| Untracked 
|  90|0x000000061a800000, 0x000000061a800000, 0x000000061ac00000|  0%| F|  |TAMS 0x000000061a800000, 0x000000061a800000| Untracked 
|  91|0x000000061ac00000, 0x000000061ac00000, 0x000000061b000000|  0%| F|  |TAMS 0x000000061ac00000, 0x000000061ac00000| Untracked 
|  92|0x000000061b000000, 0x000000061b000000, 0x000000061b400000|  0%| F|  |TAMS 0x000000061b000000, 0x000000061b000000| Untracked 
|  93|0x000000061b400000, 0x000000061b400000, 0x000000061b800000|  0%| F|  |TAMS 0x000000061b400000, 0x000000061b400000| Untracked 
|  94|0x000000061b800000, 0x000000061b800000, 0x000000061bc00000|  0%| F|  |TAMS 0x000000061b800000, 0x000000061b800000| Untracked 
|  95|0x000000061bc00000, 0x000000061bc00000, 0x000000061c000000|  0%| F|  |TAMS 0x000000061bc00000, 0x000000061bc00000| Untracked 
|  96|0x000000061c000000, 0x000000061c000000, 0x000000061c400000|  0%| F|  |TAMS 0x000000061c000000, 0x000000061c000000| Untracked 
|  97|0x000000061c400000, 0x000000061c400000, 0x000000061c800000|  0%| F|  |TAMS 0x000000061c400000, 0x000000061c400000| Untracked 
|  98|0x000000061c800000, 0x000000061c800000, 0x000000061cc00000|  0%| F|  |TAMS 0x000000061c800000, 0x000000061c800000| Untracked 
|  99|0x000000061cc00000, 0x000000061cc00000, 0x000000061d000000|  0%| F|  |TAMS 0x000000061cc00000, 0x000000061cc00000| Untracked 
| 100|0x000000061d000000, 0x000000061d000000, 0x000000061d400000|  0%| F|  |TAMS 0x000000061d000000, 0x000000061d000000| Untracked 
| 101|0x000000061d400000, 0x000000061d400000, 0x000000061d800000|  0%| F|  |TAMS 0x000000061d400000, 0x000000061d400000| Untracked 
| 102|0x000000061d800000, 0x000000061d800000, 0x000000061dc00000|  0%| F|  |TAMS 0x000000061d800000, 0x000000061d800000| Untracked 
| 103|0x000000061dc00000, 0x000000061dc00000, 0x000000061e000000|  0%| F|  |TAMS 0x000000061dc00000, 0x000000061dc00000| Untracked 
| 104|0x000000061e000000, 0x000000061e000000, 0x000000061e400000|  0%| F|  |TAMS 0x000000061e000000, 0x000000061e000000| Untracked 
| 105|0x000000061e400000, 0x000000061e400000, 0x000000061e800000|  0%| F|  |TAMS 0x000000061e400000, 0x000000061e400000| Untracked 
| 106|0x000000061e800000, 0x000000061e800000, 0x000000061ec00000|  0%| F|  |TAMS 0x000000061e800000, 0x000000061e800000| Untracked 
| 107|0x000000061ec00000, 0x000000061ec00000, 0x000000061f000000|  0%| F|  |TAMS 0x000000061ec00000, 0x000000061ec00000| Untracked 
| 108|0x000000061f000000, 0x000000061f000000, 0x000000061f400000|  0%| F|  |TAMS 0x000000061f000000, 0x000000061f000000| Untracked 
| 109|0x000000061f400000, 0x000000061f400000, 0x000000061f800000|  0%| F|  |TAMS 0x000000061f400000, 0x000000061f400000| Untracked 
| 110|0x000000061f800000, 0x000000061f800000, 0x000000061fc00000|  0%| F|  |TAMS 0x000000061f800000, 0x000000061f800000| Untracked 
| 111|0x000000061fc00000, 0x000000061fc00000, 0x0000000620000000|  0%| F|  |TAMS 0x000000061fc00000, 0x000000061fc00000| Untracked 
| 112|0x0000000620000000, 0x0000000620000000, 0x0000000620400000|  0%| F|  |TAMS 0x0000000620000000, 0x0000000620000000| Untracked 
| 113|0x0000000620400000, 0x0000000620400000, 0x0000000620800000|  0%| F|  |TAMS 0x0000000620400000, 0x0000000620400000| Untracked 
| 114|0x0000000620800000, 0x0000000620800000, 0x0000000620c00000|  0%| F|  |TAMS 0x0000000620800000, 0x0000000620800000| Untracked 
| 115|0x0000000620c00000, 0x0000000620c00000, 0x0000000621000000|  0%| F|  |TAMS 0x0000000620c00000, 0x0000000620c00000| Untracked 
| 116|0x0000000621000000, 0x0000000621000000, 0x0000000621400000|  0%| F|  |TAMS 0x0000000621000000, 0x0000000621000000| Untracked 
| 117|0x0000000621400000, 0x0000000621400000, 0x0000000621800000|  0%| F|  |TAMS 0x0000000621400000, 0x0000000621400000| Untracked 
| 118|0x0000000621800000, 0x0000000621800000, 0x0000000621c00000|  0%| F|  |TAMS 0x0000000621800000, 0x0000000621800000| Untracked 
| 119|0x0000000621c00000, 0x0000000621c00000, 0x0000000622000000|  0%| F|  |TAMS 0x0000000621c00000, 0x0000000621c00000| Untracked 
| 120|0x0000000622000000, 0x0000000622000000, 0x0000000622400000|  0%| F|  |TAMS 0x0000000622000000, 0x0000000622000000| Untracked 
| 121|0x0000000622400000, 0x0000000622400000, 0x0000000622800000|  0%| F|  |TAMS 0x0000000622400000, 0x0000000622400000| Untracked 
| 122|0x0000000622800000, 0x0000000622800000, 0x0000000622c00000|  0%| F|  |TAMS 0x0000000622800000, 0x0000000622800000| Untracked 
| 123|0x0000000622c00000, 0x0000000622c00000, 0x0000000623000000|  0%| F|  |TAMS 0x0000000622c00000, 0x0000000622c00000| Untracked 
| 124|0x0000000623000000, 0x0000000623277010, 0x0000000623400000| 61%| E|  |TAMS 0x0000000623000000, 0x0000000623000000| Complete 
| 125|0x0000000623400000, 0x0000000623800000, 0x0000000623800000|100%| E|CS|TAMS 0x0000000623400000, 0x0000000623400000| Complete 
| 126|0x0000000623800000, 0x0000000623c00000, 0x0000000623c00000|100%| E|CS|TAMS 0x0000000623800000, 0x0000000623800000| Complete 

Card table byte_map: [0x000002176f150000,0x0000021770130000] _byte_map_base: 0x000002176c130000

Marking Bits (Prev, Next): (CMBitMap*) 0x000002175956c330, (CMBitMap*) 0x000002175956c370
 Prev Bits: [0x0000021771110000, 0x0000021779010000)
 Next Bits: [0x0000021700000000, 0x0000021707f00000)

Polling page: 0x00000217595c0000

Metaspace:

Usage:
  Non-class:      9.22 MB capacity,     9.13 MB ( 99%) used,    93.87 KB ( <1%) free+waste,     6.25 KB ( <1%) overhead. 
      Class:    887.00 KB capacity,   864.27 KB ( 97%) used,    20.85 KB (  2%) free+waste,     1.88 KB ( <1%) overhead. 
       Both:     10.09 MB capacity,     9.97 MB ( 99%) used,   114.72 KB (  1%) free+waste,     8.12 KB ( <1%) overhead. 

Virtual space:
  Non-class space:       10.00 MB reserved,       9.25 MB ( 92%) committed 
      Class space:        1.00 GB reserved,     896.00 KB ( <1%) committed 
             Both:        1.01 GB reserved,      10.12 MB ( <1%) committed 

Chunk freelists:
   Non-Class:  27.00 KB
       Class:  9.00 KB
        Both:  36.00 KB

MaxMetaspaceSize: 17179869184.00 GB
CompressedClassSpaceSize: 1.00 GB

CodeHeap 'non-profiled nmethods': size=120000Kb used=210Kb max_used=210Kb free=119789Kb
 bounds [0x00000217661e0000, 0x0000021766450000, 0x000002176d710000]
CodeHeap 'profiled nmethods': size=120000Kb used=800Kb max_used=800Kb free=119199Kb
 bounds [0x000002175ecb0000, 0x000002175ef20000, 0x00000217661e0000]
CodeHeap 'non-nmethods': size=5760Kb used=1231Kb max_used=1256Kb free=4528Kb
 bounds [0x000002175e710000, 0x000002175e980000, 0x000002175ecb0000]
 total_blobs=982 nmethods=588 adapters=307
 compilation: enabled
              stopped_count=0, restarted_count=0
 full_count=0

Compilation events (20 events):
Event: 3.840 Thread 0x000002177c41c710 nmethod 580 0x000002175ed72a90 code [0x000002175ed72c20, 0x000002175ed72d68]
Event: 3.840 Thread 0x000002177c41c710  581       3       java.util.Properties::saveConvert (434 bytes)
Event: 3.841 Thread 0x000002177c41c710 nmethod 581 0x000002175ed72e10 code [0x000002175ed732c0, 0x000002175ed75348]
Event: 3.861 Thread 0x000002177c410900 nmethod 574 0x0000021766211f10 code [0x0000021766212140, 0x0000021766213b30]
Event: 309.361 Thread 0x000002177c410900  582       4       org.eclipse.jdt.launching.internal.org.objectweb.asm.ClassReader::getItem (7 bytes)
Event: 309.361 Thread 0x000002177c41c710  583       3       org.eclipse.jdt.launching.internal.org.objectweb.asm.ClassReader::readClass (7 bytes)
Event: 309.362 Thread 0x000002177c41c710 nmethod 583 0x000002175ed75f10 code [0x000002175ed760e0, 0x000002175ed76468]
Event: 309.362 Thread 0x000002177c41c710  584       3       org.eclipse.jdt.launching.internal.org.objectweb.asm.ClassReader::readStringish (16 bytes)
Event: 309.362 Thread 0x000002177c410900 nmethod 582 0x0000021766214510 code [0x0000021766214680, 0x0000021766214758]
Event: 309.362 Thread 0x000002177c41c710 nmethod 584 0x000002175ed76610 code [0x000002175ed767e0, 0x000002175ed76b08]
Event: 309.362 Thread 0x000002177c41c710  585       1       org.eclipse.jdt.launching.internal.org.objectweb.asm.MethodWriter::hasAsmInstructions (5 bytes)
Event: 309.362 Thread 0x000002177c41c710 nmethod 585 0x0000021766214810 code [0x00000217662149a0, 0x0000021766214a58]
Event: 335.841 Thread 0x000002177c410900  586       4       org.eclipse.jdt.launching.internal.org.objectweb.asm.ClassReader::readUtf (161 bytes)
Event: 335.865 Thread 0x000002177c410900 

Event: 359.742 Thread 0x000002177c41c710  587       3       org.eclipse.jdt.launching.internal.org.objectweb.asm.SymbolTable::addConstantMemberReference (29 bytes)
Event: 359.742 Thread 0x000002177c41c710 nmethod 587 0x000002175ed76c90 code [0x000002175ed76e80, 0x000002175ed77228]
Event: 359.742 Thread 0x000002177c41c710  588       3       org.eclipse.jdt.launching.internal.org.objectweb.asm.SymbolTable::hash (20 bytes)
Event: 359.742 Thread 0x000002177c41c710 nmethod 588 0x000002175ed77510 code [0x000002175ed776e0, 0x000002175ed778a8]
Event: 359.742 Thread 0x000002177c41c710  589       3       org.eclipse.jdt.launching.internal.org.objectweb.asm.SymbolTable::addConstantUtf8Reference (20 bytes)
Event: 359.742 Thread 0x000002177c41c710 nmethod 589 0x000002175ed77a10 code [0x000002175ed77be0, 0x000002175ed77ea8]

GC Heap History (0 events):
No events

Deoptimization events (20 events):
Event: 0.589 Thread 0x00000217594f45d0 DEOPT PACKING pc=0x000002175ed3ba38 sp=0x000000bff24fbcd0
Event: 0.589 Thread 0x00000217594f45d0 DEOPT UNPACKING pc=0x000002175e75e23f sp=0x000000bff24fb198 mode 0
Event: 0.589 Thread 0x00000217594f45d0 DEOPT PACKING pc=0x000002175ed3ba38 sp=0x000000bff24fbcd0
Event: 0.589 Thread 0x00000217594f45d0 DEOPT UNPACKING pc=0x000002175e75e23f sp=0x000000bff24fb198 mode 0
Event: 0.589 Thread 0x00000217594f45d0 DEOPT PACKING pc=0x000002175ed3ba38 sp=0x000000bff24fbcd0
Event: 0.589 Thread 0x00000217594f45d0 DEOPT UNPACKING pc=0x000002175e75e23f sp=0x000000bff24fb198 mode 0
Event: 0.592 Thread 0x00000217594f45d0 DEOPT PACKING pc=0x000002175ed3ba38 sp=0x000000bff24f8170
Event: 0.592 Thread 0x00000217594f45d0 DEOPT UNPACKING pc=0x000002175e75e23f sp=0x000000bff24f7638 mode 0
Event: 0.595 Thread 0x00000217594f45d0 DEOPT PACKING pc=0x000002175ecde496 sp=0x000000bff24fbd00
Event: 0.595 Thread 0x00000217594f45d0 DEOPT UNPACKING pc=0x000002175e75e23f sp=0x000000bff24fb198 mode 0
Event: 0.605 Thread 0x00000217594f45d0 DEOPT PACKING pc=0x000002175ed3bc6d sp=0x000000bff24f7de0
Event: 0.605 Thread 0x00000217594f45d0 DEOPT UNPACKING pc=0x000002175e75e23f sp=0x000000bff24f72a8 mode 0
Event: 0.605 Thread 0x00000217594f45d0 DEOPT PACKING pc=0x000002175ed3bc6d sp=0x000000bff24f7de0
Event: 0.605 Thread 0x00000217594f45d0 DEOPT UNPACKING pc=0x000002175e75e23f sp=0x000000bff24f72a8 mode 0
Event: 0.606 Thread 0x00000217594f45d0 DEOPT PACKING pc=0x000002175ed3ba38 sp=0x000000bff24f7de0
Event: 0.606 Thread 0x00000217594f45d0 DEOPT UNPACKING pc=0x000002175e75e23f sp=0x000000bff24f72a8 mode 0
Event: 0.606 Thread 0x00000217594f45d0 DEOPT PACKING pc=0x000002175ed3ba38 sp=0x000000bff24f7de0
Event: 0.606 Thread 0x00000217594f45d0 DEOPT UNPACKING pc=0x000002175e75e23f sp=0x000000bff24f72a8 mode 0
Event: 0.607 Thread 0x00000217594f45d0 DEOPT PACKING pc=0x000002175ed3ba38 sp=0x000000bff24f7de0
Event: 0.607 Thread 0x00000217594f45d0 DEOPT UNPACKING pc=0x000002175e75e23f sp=0x000000bff24f72a8 mode 0

Classes unloaded (0 events):
No events

Classes redefined (3 events):
Event: 309.364 Thread 0x000002177c3ad2f0 redefined class name=com.weather.model.OpenWeather, count=1
Event: 335.843 Thread 0x000002177c3ad2f0 redefined class name=com.weather.model.OpenWeather, count=2
Event: 359.744 Thread 0x000002177c3ad2f0 redefined class name=com.weather.model.OpenWeather, count=3

Internal exceptions (3 events):
Event: 0.428 Thread 0x00000217594f45d0 Exception <a 'java/lang/NoSuchMethodError'{0x00000006235798a0}: 'void java.lang.invoke.DirectMethodHandle$Holder.invokeStatic(java.lang.Object, java.lang.Object)'> (0x00000006235798a0) 
thrown [./open/src/hotspot/share/interpreter/linkResolver.cpp, line 782]
Event: 0.429 Thread 0x00000217594f45d0 Exception <a 'java/lang/NoSuchMethodError'{0x000000062357d548}: 'void java.lang.invoke.DirectMethodHandle$Holder.invokeStaticInit(java.lang.Object, java.lang.Object)'> (0x000000062357d548) 
thrown [./open/src/hotspot/share/interpreter/linkResolver.cpp, line 782]
Event: 0.550 Thread 0x00000217594f45d0 Exception <a 'java/lang/NoSuchMethodError'{0x000000062375c980}: 'java.lang.Object java.lang.invoke.DirectMethodHandle$Holder.invokeStatic(java.lang.Object)'> (0x000000062375c980) 
thrown [./open/src/hotspot/share/interpreter/linkResolver.cpp, line 782]

Events (20 events):
Event: 335.964 Executing VM operation: GetFrameCount
Event: 335.964 Executing VM operation: GetFrameCount done
Event: 335.967 Executing VM operation: GetFrameLocation
Event: 335.967 Executing VM operation: GetFrameLocation done
Event: 335.968 Executing VM operation: get/set locals
Event: 335.968 Executing VM operation: get/set locals done
Event: 359.744 Executing VM operation: RedefineClasses
Event: 359.746 Executing VM operation: RedefineClasses done
Event: 359.753 Executing VM operation: ChangeBreakpoints
Event: 359.753 Executing VM operation: ChangeBreakpoints done
Event: 359.768 Executing VM operation: ChangeBreakpoints
Event: 359.768 Executing VM operation: ChangeBreakpoints done
Event: 359.772 Executing VM operation: GetFrameCount
Event: 359.772 Executing VM operation: GetFrameCount done
Event: 359.772 Executing VM operation: GetStackTrace
Event: 359.772 Executing VM operation: GetStackTrace done
Event: 359.865 Executing VM operation: GetFrameCount
Event: 359.865 Executing VM operation: GetFrameCount done
Event: 359.867 Executing VM operation: GetFrameLocation
Event: 359.867 Executing VM operation: GetFrameLocation done


Dynamic libraries:
0x00007ff7b68d0000 - 0x00007ff7b68dd000 	C:\workspace\application\eclipse\plugins\org.eclipse.justj.openjdk.hotspot.jre.full.win32.x86_64_15.0.2.v20210201-0955\jre\bin\javaw.exe
0x00007ffdc9e10000 - 0x00007ffdca005000 	C:\Windows\SYSTEM32\ntdll.dll
0x00007ffdc8c20000 - 0x00007ffdc8cdd000 	C:\Windows\System32\KERNEL32.DLL
0x00007ffdc79f0000 - 0x00007ffdc7cb8000 	C:\Windows\System32\KERNELBASE.dll
0x00007ffdc7550000 - 0x00007ffdc7650000 	C:\Windows\System32\ucrtbase.dll
0x00007ffdb2ad0000 - 0x00007ffdb2ae8000 	C:\workspace\application\eclipse\plugins\org.eclipse.justj.openjdk.hotspot.jre.full.win32.x86_64_15.0.2.v20210201-0955\jre\bin\jli.dll
0x00007ffd9bc70000 - 0x00007ffd9bc89000 	C:\workspace\application\eclipse\plugins\org.eclipse.justj.openjdk.hotspot.jre.full.win32.x86_64_15.0.2.v20210201-0955\jre\bin\VCRUNTIME140.dll
0x00007ffdc8a80000 - 0x00007ffdc8c20000 	C:\Windows\System32\USER32.dll
0x00007ffdc7990000 - 0x00007ffdc79b2000 	C:\Windows\System32\win32u.dll
0x00007ffdb3d10000 - 0x00007ffdb3faa000 	C:\Windows\WinSxS\amd64_microsoft.windows.common-controls_6595b64144ccf1df_6.0.19041.844_none_ca00b6081b84eb1d\COMCTL32.dll
0x00007ffdc9130000 - 0x00007ffdc915a000 	C:\Windows\System32\GDI32.dll
0x00007ffdc8460000 - 0x00007ffdc84fe000 	C:\Windows\System32\msvcrt.dll
0x00007ffdc7cc0000 - 0x00007ffdc7dcb000 	C:\Windows\System32\gdi32full.dll
0x00007ffdc7dd0000 - 0x00007ffdc7e6d000 	C:\Windows\System32\msvcp_win.dll
0x00007ffdc8380000 - 0x00007ffdc83b0000 	C:\Windows\System32\IMM32.DLL
0x00007ffdb26b0000 - 0x00007ffdb26bc000 	C:\workspace\application\eclipse\plugins\org.eclipse.justj.openjdk.hotspot.jre.full.win32.x86_64_15.0.2.v20210201-0955\jre\bin\vcruntime140_1.dll
0x00007ffd65970000 - 0x00007ffd65a01000 	C:\workspace\application\eclipse\plugins\org.eclipse.justj.openjdk.hotspot.jre.full.win32.x86_64_15.0.2.v20210201-0955\jre\bin\msvcp140.dll
0x00007ffd8d940000 - 0x00007ffd8e49e000 	C:\workspace\application\eclipse\plugins\org.eclipse.justj.openjdk.hotspot.jre.full.win32.x86_64_15.0.2.v20210201-0955\jre\bin\server\jvm.dll
0x00007ffdc8630000 - 0x00007ffdc86dc000 	C:\Windows\System32\ADVAPI32.dll
0x00007ffdc8df0000 - 0x00007ffdc8e8b000 	C:\Windows\System32\sechost.dll
0x00007ffdc8500000 - 0x00007ffdc862b000 	C:\Windows\System32\RPCRT4.dll
0x00007ffdc7ef0000 - 0x00007ffdc7ef8000 	C:\Windows\System32\PSAPI.DLL
0x00007ffdb4fd0000 - 0x00007ffdb4ff7000 	C:\Windows\SYSTEM32\WINMM.dll
0x00007ffdb0800000 - 0x00007ffdb0809000 	C:\Windows\SYSTEM32\WSOCK32.dll
0x00007ffdc0270000 - 0x00007ffdc027a000 	C:\Windows\SYSTEM32\VERSION.dll
0x00007ffdc8a10000 - 0x00007ffdc8a7b000 	C:\Windows\System32\WS2_32.dll
0x00007ffdc5490000 - 0x00007ffdc54a2000 	C:\Windows\SYSTEM32\kernel.appcore.dll
0x00007ffdb35e0000 - 0x00007ffdb35ea000 	C:\workspace\application\eclipse\plugins\org.eclipse.justj.openjdk.hotspot.jre.full.win32.x86_64_15.0.2.v20210201-0955\jre\bin\jimage.dll
0x00007ffdbfa10000 - 0x00007ffdbfbf4000 	C:\Windows\SYSTEM32\DBGHELP.DLL
0x00007ffdade80000 - 0x00007ffdadeac000 	C:\Windows\SYSTEM32\dbgcore.DLL
0x00007ffdc7860000 - 0x00007ffdc78e0000 	C:\Windows\System32\bcryptPrimitives.dll
0x00007ffdb2670000 - 0x00007ffdb26a9000 	C:\workspace\application\eclipse\plugins\org.eclipse.justj.openjdk.hotspot.jre.full.win32.x86_64_15.0.2.v20210201-0955\jre\bin\jdwp.dll
0x00007ffdc3490000 - 0x00007ffdc349e000 	C:\workspace\application\eclipse\plugins\org.eclipse.justj.openjdk.hotspot.jre.full.win32.x86_64_15.0.2.v20210201-0955\jre\bin\instrument.dll
0x00007ffdb2550000 - 0x00007ffdb2575000 	C:\workspace\application\eclipse\plugins\org.eclipse.justj.openjdk.hotspot.jre.full.win32.x86_64_15.0.2.v20210201-0955\jre\bin\java.dll
0x00007ffdb2530000 - 0x00007ffdb2548000 	C:\workspace\application\eclipse\plugins\org.eclipse.justj.openjdk.hotspot.jre.full.win32.x86_64_15.0.2.v20210201-0955\jre\bin\zip.dll
0x00007ffdc9160000 - 0x00007ffdc98a2000 	C:\Windows\System32\SHELL32.dll
0x00007ffdc5690000 - 0x00007ffdc5e21000 	C:\Windows\SYSTEM32\windows.storage.dll
0x00007ffdc7f00000 - 0x00007ffdc8255000 	C:\Windows\System32\combase.dll
0x00007ffdc6fc0000 - 0x00007ffdc6fec000 	C:\Windows\SYSTEM32\Wldp.dll
0x00007ffdc83b0000 - 0x00007ffdc845e000 	C:\Windows\System32\SHCORE.dll
0x00007ffdc8d90000 - 0x00007ffdc8de5000 	C:\Windows\System32\shlwapi.dll
0x00007ffdc7490000 - 0x00007ffdc74af000 	C:\Windows\SYSTEM32\profapi.dll
0x00007ffdc33f0000 - 0x00007ffdc33fb000 	C:\workspace\application\eclipse\plugins\org.eclipse.justj.openjdk.hotspot.jre.full.win32.x86_64_15.0.2.v20210201-0955\jre\bin\dt_socket.dll
0x00007ffdc69d0000 - 0x00007ffdc6a0b000 	C:\Windows\SYSTEM32\IPHLPAPI.DLL
0x00007ffdc6d30000 - 0x00007ffdc6d9a000 	C:\Windows\system32\mswsock.dll
0x00007ffdc6a20000 - 0x00007ffdc6aec000 	C:\Windows\SYSTEM32\DNSAPI.dll
0x00007ffdc87a0000 - 0x00007ffdc87a8000 	C:\Windows\System32\NSI.dll
0x00007ffdb2200000 - 0x00007ffdb220a000 	C:\Windows\System32\rasadhlp.dll
0x00007ffdb2a30000 - 0x00007ffdb2aaf000 	C:\Windows\System32\fwpuclnt.dll
0x00007ffdc79c0000 - 0x00007ffdc79e7000 	C:\Windows\System32\bcrypt.dll
0x00007ffdb24f0000 - 0x00007ffdb2509000 	C:\workspace\application\eclipse\plugins\org.eclipse.justj.openjdk.hotspot.jre.full.win32.x86_64_15.0.2.v20210201-0955\jre\bin\net.dll
0x00007ffdb4450000 - 0x00007ffdb455b000 	C:\Windows\SYSTEM32\WINHTTP.dll
0x00007ffdb2490000 - 0x00007ffdb24a2000 	C:\workspace\application\eclipse\plugins\org.eclipse.justj.openjdk.hotspot.jre.full.win32.x86_64_15.0.2.v20210201-0955\jre\bin\nio.dll
0x00007ffdb25a0000 - 0x00007ffdb25b0000 	C:\workspace\application\eclipse\plugins\org.eclipse.justj.openjdk.hotspot.jre.full.win32.x86_64_15.0.2.v20210201-0955\jre\bin\verify.dll

dbghelp: loaded successfully - version: 4.0.5 - missing functions: none
symbol engine: initialized successfully - sym options: 0x614 - pdb path: .;C:\workspace\application\eclipse\plugins\org.eclipse.justj.openjdk.hotspot.jre.full.win32.x86_64_15.0.2.v20210201-0955\jre\bin;C:\Windows\SYSTEM32;C:\Windows\WinSxS\amd64_microsoft.windows.common-controls_6595b64144ccf1df_6.0.19041.844_none_ca00b6081b84eb1d;C:\workspace\application\eclipse\plugins\org.eclipse.justj.openjdk.hotspot.jre.full.win32.x86_64_15.0.2.v20210201-0955\jre\bin\server

VM Arguments:
jvm_args: -XX:+ShowCodeDetailsInExceptionMessages -agentlib:jdwp=transport=dt_socket,suspend=y,address=localhost:64111 -javaagent:C:\workspace\application\eclipse\configuration\org.eclipse.osgi\412\0\.cp\lib\javaagent-shaded.jar -Dfile.encoding=UTF-8 
java_command: com.weather.model.OpenWeather
java_class_path (initial): C:\workspace\demo\bin\main;C:\Users\admin\.gradle\caches\modules-2\files-2.1\com.googlecode.json-simple\json-simple\1.1.1\c9ad4a0850ab676c5c64461a05ca524cdfff59f1\json-simple-1.1.1.jar;C:\Users\admin\.gradle\caches\modules-2\files-2.1\org.springframework.boot\spring-boot-starter-web-services\2.4.5\45ee0837bb41a3a51c43b45363679da271b3524d\spring-boot-starter-web-services-2.4.5.jar;C:\Users\admin\.gradle\caches\modules-2\files-2.1\org.springframework.boot\spring-boot-starter-web\2.4.5\93cf2655557534e35723fbafa069bed2ee125832\spring-boot-starter-web-2.4.5.jar;C:\Users\admin\.gradle\caches\modules-2\files-2.1\org.springframework.boot\spring-boot-starter-json\2.4.5\5c1623aa53adf10cd98884f60db2d9f5958dbc28\spring-boot-starter-json-2.4.5.jar;C:\Users\admin\.gradle\caches\modules-2\files-2.1\com.fasterxml.jackson.datatype\jackson-datatype-jdk8\2.11.4\e1540dea3c6c681ea4e335a960f730861ee3bedb\jackson-datatype-jdk8-2.11.4.jar;C:\Users\admin\.gradle\caches\modules-2\files-2.1\com.fasterxml.jackson.datatype\jackson-datatype-jsr310\2.11.4\ce6fc76bba06623720e5a9308386b6ae74753f4d\jackson-datatype-jsr310-2.11.4.jar;C:\Users\admin\.gradle\caches\modules-2\files-2.1\com.fasterxml.jackson.module\jackson-module-parameter-names\2.11.4\432e050d79f2282a66c320375d628f1b0842cb12\jackson-module-parameter-names-2.11.4.jar;C:\Users\admin\.gradle\caches\modules-2\files-2.1\com.fasterxml.jackson.core\jackson-databind\2.9.4\498bbc3b94f566982c7f7c6d4d303fce365529be\jackson-databind-2.9.4.jar;C:\Users\admin\.gradle\caches\modules-2\files-2.1\com.fasterxml.jackson.core\jackson-core\2.9.4\a9a71ec1aa37da47db168fede9a4a5fb5e374320\jackson-core-2.9.4.jar;C:\Users\admin\.gradle\caches\modules-2\files-2.1\com.google.code.gson\gson\2.8.5\f645ed69d595b24d4cf8b3fbb64cc505bede8829\gson-2.8.5.jar;C:\Users\admin\.gradle\caches\modules-2\files-2.1\org.projectlombok\lombok\1.18.20\18bcea7d5df4d49227b4a0743a536208ce4825bb\lombok-1.18.20.jar;C:\Users\admin\.gradle\caches\modules-2\files
Launcher Type: SUN_STANDARD

[Global flags]
     intx CICompilerCount                          = 4                                         {product} {ergonomic}
     uint ConcGCThreads                            = 2                                         {product} {ergonomic}
     uint G1ConcRefinementThreads                  = 8                                         {product} {ergonomic}
   size_t G1HeapRegionSize                         = 4194304                                   {product} {ergonomic}
    uintx GCDrainStackTargetSize                   = 64                                        {product} {ergonomic}
   size_t InitialHeapSize                          = 532676608                                 {product} {ergonomic}
   size_t MarkStackSize                            = 4194304                                   {product} {ergonomic}
   size_t MaxHeapSize                              = 8522825728                                {product} {ergonomic}
   size_t MaxNewSize                               = 5112856576                                {product} {ergonomic}
   size_t MinHeapDeltaBytes                        = 4194304                                   {product} {ergonomic}
   size_t MinHeapSize                              = 8388608                                   {product} {ergonomic}
    uintx NonNMethodCodeHeapSize                   = 5839372                                {pd product} {ergonomic}
    uintx NonProfiledCodeHeapSize                  = 122909434                              {pd product} {ergonomic}
    uintx ProfiledCodeHeapSize                     = 122909434                              {pd product} {ergonomic}
    uintx ReservedCodeCacheSize                    = 251658240                              {pd product} {ergonomic}
     bool SegmentedCodeCache                       = true                                      {product} {ergonomic}
     bool ShowCodeDetailsInExceptionMessages       = true                                   {manageable} {command line}
   size_t SoftMaxHeapSize                          = 8522825728                             {manageable} {ergonomic}
     bool UseCompressedClassPointers               = true                                 {lp64_product} {ergonomic}
     bool UseCompressedOops                        = true                                 {lp64_product} {ergonomic}
     bool UseG1GC                                  = true                                      {product} {ergonomic}
     bool UseLargePagesIndividualAllocation        = false                                  {pd product} {ergonomic}

Logging:
Log output configuration:
 #0: stdout all=warning uptime,level,tags
 #1: stderr all=off uptime,level,tags

Environment Variables:
JAVA_HOME=C:\jdk13
PATH=C:\workspace\application\eclipse\plugins\org.eclipse.justj.openjdk.hotspot.jre.full.win32.x86_64_15.0.2.v20210201-0955\jre\bin;C:/workspace/application/eclipse//plugins/org.eclipse.justj.openjdk.hotspot.jre.full.win32.x86_64_15.0.2.v20210201-0955/jre/bin/server;C:/workspace/application/eclipse//plugins/org.eclipse.justj.openjdk.hotspot.jre.full.win32.x86_64_15.0.2.v20210201-0955/jre/bin;C:\Program Files\Common Files\Oracle\Java\javapath;C:\Windows\system32;C:\Windows;C:\Windows\System32\Wbem;C:\Windows\System32\WindowsPowerShell\v1.0\;C:\Windows\System32\OpenSSH\;C:\jdk13\bin;C:\Git\cmd;C:\Program Files\nodejs\;C:\Program Files (x86)\Brackets\command;C:\Users\admin\AppData\Local\Microsoft\WindowsApps;;C:\Users\admin\AppData\Local\Programs\Microsoft VS Code\bin;C:\Users\admin\AppData\Roaming\npm;C:\Program Files (x86)\ESTsoft\ALSee\x64;C:\workspace\application\eclipse;
USERNAME=admin
OS=Windows_NT
PROCESSOR_IDENTIFIER=Intel64 Family 6 Model 94 Stepping 3, GenuineIntel



---------------  S Y S T E M  ---------------

OS:
 Windows 10 , 64 bit Build 19041 (10.0.19041.928)
OS uptime: 0 days 2:52 hours

CPU: total 8 (initial active 8) (4 cores per cpu, 2 threads per core) family 6 model 94 stepping 3 microcode 0xd4, cmov, cx8, fxsr, mmx, sse, sse2, sse3, ssse3, sse4.1, sse4.2, popcnt, vzeroupper, avx, avx2, aes, clmul, erms, rtm, 3dnowpref, lzcnt, ht, tsc, tscinvbit, bmi1, bmi2, adx, fma, clflush, clflushopt

Memory: 4k page, system-wide physical 32507M (21227M free)
TotalPageFile size 37371M (AvailPageFile size 22903M)
current process WorkingSet (physical memory assigned to process): 54M, peak: 57M
current process commit charge ("private bytes"): 609M, peak: 612M

vm_info: OpenJDK 64-Bit Server VM (15.0.2+7-27) for windows-amd64 JRE (15.0.2+7-27), built on Dec  7 2020 20:02:38 by "mach5one" with unknown MS VC++:1925

END.
